[debug] [2020-08-19T16:20:22.493Z] ----------------------------------------------------------------------
[debug] [2020-08-19T16:20:22.497Z] Command:       C:\Program Files\nodejs\node.exe C:\Users\ntlokoo\AppData\Roaming\npm\node_modules\firebase-tools\lib\bin\firebase.js deploy
[debug] [2020-08-19T16:20:22.498Z] CLI Version:   8.3.0
[debug] [2020-08-19T16:20:22.498Z] Platform:      win32
[debug] [2020-08-19T16:20:22.498Z] Node Version:  v12.16.2
[debug] [2020-08-19T16:20:22.501Z] Time:          Wed Aug 19 2020 18:20:22 GMT+0200 (South Africa Standard Time)
[debug] [2020-08-19T16:20:22.501Z] ----------------------------------------------------------------------
[debug] [2020-08-19T16:20:22.501Z] 
[debug] [2020-08-19T16:20:22.579Z] > command requires scopes: ["email","openid","https://www.googleapis.com/auth/cloudplatformprojects.readonly","https://www.googleapis.com/auth/firebase","https://www.googleapis.com/auth/cloud-platform"]
[debug] [2020-08-19T16:20:22.581Z] > authorizing via signed-in user
[debug] [2020-08-19T16:20:22.581Z] [iam] checking project chatbot-3cc02 for permissions ["firebase.projects.get","firebasehosting.sites.update"]
[debug] [2020-08-19T16:20:22.586Z] > refreshing access token with scopes: ["email","https://www.googleapis.com/auth/cloud-platform","https://www.googleapis.com/auth/cloudplatformprojects.readonly","https://www.googleapis.com/auth/firebase","openid"]
[debug] [2020-08-19T16:20:22.587Z] >>> HTTP REQUEST POST https://www.googleapis.com/oauth2/v3/token  
 <request body omitted>
[debug] [2020-08-19T16:20:32.542Z] <<< HTTP RESPONSE 200 {"content-type":"application/json; charset=utf-8","vary":"X-Origin, Referer, Origin,Accept-Encoding","date":"Wed, 19 Aug 2020 16:20:31 GMT","server":"scaffolding on HTTPServer2","cache-control":"private","x-xss-protection":"0","x-frame-options":"SAMEORIGIN","x-content-type-options":"nosniff","alt-svc":"h3-29=\":443\"; ma=2592000,h3-27=\":443\"; ma=2592000,h3-T050=\":443\"; ma=2592000,h3-Q050=\":443\"; ma=2592000,h3-Q046=\":443\"; ma=2592000,h3-Q043=\":443\"; ma=2592000,quic=\":443\"; ma=2592000; v=\"46,43\"","accept-ranges":"none","transfer-encoding":"chunked"}
[debug] [2020-08-19T16:20:32.571Z] >>> HTTP REQUEST POST https://cloudresourcemanager.googleapis.com/v1/projects/chatbot-3cc02:testIamPermissions  
 {"permissions":["firebase.projects.get","firebasehosting.sites.update"]}
[debug] [2020-08-19T16:20:35.916Z] <<< HTTP RESPONSE 200 {"content-type":"application/json; charset=UTF-8","vary":"X-Origin, Referer, Origin,Accept-Encoding","date":"Wed, 19 Aug 2020 16:20:35 GMT","server":"ESF","cache-control":"private","x-xss-protection":"0","x-frame-options":"SAMEORIGIN","x-content-type-options":"nosniff","server-timing":"gfet4t7; dur=1513","alt-svc":"h3-29=\":443\"; ma=2592000,h3-27=\":443\"; ma=2592000,h3-T050=\":443\"; ma=2592000,h3-Q050=\":443\"; ma=2592000,h3-Q046=\":443\"; ma=2592000,h3-Q043=\":443\"; ma=2592000,quic=\":443\"; ma=2592000; v=\"46,43\"","accept-ranges":"none","transfer-encoding":"chunked"}
[debug] [2020-08-19T16:20:35.920Z] >>> HTTP REQUEST GET https://firebase.googleapis.com/v1beta1/projects/chatbot-3cc02  
 
[debug] [2020-08-19T16:20:38.428Z] <<< HTTP RESPONSE 200 {"content-type":"application/json; charset=UTF-8","vary":"X-Origin, Referer, Origin,Accept-Encoding","date":"Wed, 19 Aug 2020 16:20:37 GMT","server":"ESF","cache-control":"private","x-xss-protection":"0","x-frame-options":"SAMEORIGIN","x-content-type-options":"nosniff","alt-svc":"h3-29=\":443\"; ma=2592000,h3-27=\":443\"; ma=2592000,h3-T050=\":443\"; ma=2592000,h3-Q050=\":443\"; ma=2592000,h3-Q046=\":443\"; ma=2592000,h3-Q043=\":443\"; ma=2592000,quic=\":443\"; ma=2592000; v=\"46,43\"","accept-ranges":"none","transfer-encoding":"chunked"}
[info] 
[info] === Deploying to 'chatbot-3cc02'...
[info] 
[info] i  deploying hosting 
[debug] [2020-08-19T16:20:38.439Z] >>> HTTP REQUEST POST https://firebasehosting.googleapis.com/v1beta1/sites/chatbot-3cc02/versions  
 {"config":{},"labels":{"deployment-tool":"cli-firebase"}}
[debug] [2020-08-19T16:20:42.753Z] <<< HTTP RESPONSE 200 {"content-type":"application/json; charset=UTF-8","vary":"X-Origin, Referer, Origin,Accept-Encoding","date":"Wed, 19 Aug 2020 16:20:42 GMT","server":"ESF","cache-control":"private","x-xss-protection":"0","x-frame-options":"SAMEORIGIN","x-content-type-options":"nosniff","alt-svc":"h3-29=\":443\"; ma=2592000,h3-27=\":443\"; ma=2592000,h3-T050=\":443\"; ma=2592000,h3-Q050=\":443\"; ma=2592000,h3-Q046=\":443\"; ma=2592000,h3-Q043=\":443\"; ma=2592000,quic=\":443\"; ma=2592000; v=\"46,43\"","accept-ranges":"none","transfer-encoding":"chunked"}
[info] i  hosting[chatbot-3cc02]: beginning deploy... 
[info] i  hosting[chatbot-3cc02]: found 110 files in build 
[debug] [2020-08-19T16:20:43.498Z] [hosting] hash cache [YnVpbGQ] stored for 110 files
[debug] [2020-08-19T16:20:43.499Z] [hosting][hash queue][FINAL] {"max":617,"min":44,"avg":196.7181818181818,"active":0,"complete":110,"success":110,"errored":0,"retried":0,"total":110,"elapsed":640}
[debug] [2020-08-19T16:20:43.499Z] >>> HTTP REQUEST POST https://firebasehosting.googleapis.com/v1beta1/sites/chatbot-3cc02/versions/95da45ed814aedea:populateFiles  
 <request body omitted>
